{"$message_type":"diagnostic","message":"the name `cd` is defined multiple times","code":{"code":"E0252","explanation":"Two items of the same name cannot be imported without rebinding one of the\nitems under a new local name.\n\nErroneous code example:\n\n```compile_fail,E0252\nuse foo::baz;\nuse bar::baz; // error, do `use bar::baz as quux` instead\n\nfn main() {}\n\nmod foo {\n    pub struct baz;\n}\n\nmod bar {\n    pub mod baz {}\n}\n```\n\nYou can use aliases in order to fix this error. Example:\n\n```\nuse foo::baz as foo_baz;\nuse bar::baz; // ok!\n\nfn main() {}\n\nmod foo {\n    pub struct baz;\n}\n\nmod bar {\n    pub mod baz {}\n}\n```\n\nOr you can reference the item with its parent:\n\n```\nuse bar::baz;\n\nfn main() {\n    let x = foo::baz; // ok!\n}\n\nmod foo {\n    pub struct baz;\n}\n\nmod bar {\n    pub mod baz {}\n}\n```\n"},"level":"error","spans":[{"file_name":"executer/src/executer.rs","byte_start":150,"byte_end":156,"line_start":11,"line_end":11,"column_start":5,"column_end":11,"is_primary":true,"text":[{"text":"    cd::cd,","highlight_start":5,"highlight_end":11}],"label":"`cd` reimported here","suggested_replacement":null,"suggestion_applicability":null,"expansion":null},{"file_name":"executer/src/executer.rs","byte_start":44,"byte_end":50,"line_start":3,"line_end":3,"column_start":5,"column_end":11,"is_primary":false,"text":[{"text":"    cd::cd,","highlight_start":5,"highlight_end":11}],"label":"previous import of the value `cd` here","suggested_replacement":null,"suggestion_applicability":null,"expansion":null}],"children":[{"message":"`cd` must be defined only once in the value namespace of this module","code":null,"level":"note","spans":[],"children":[],"rendered":null},{"message":"remove unnecessary import","code":null,"level":"help","spans":[{"file_name":"executer/src/executer.rs","byte_start":150,"byte_end":157,"line_start":11,"line_end":11,"column_start":5,"column_end":12,"is_primary":true,"text":[{"text":"    cd::cd,","highlight_start":5,"highlight_end":12}],"label":null,"suggested_replacement":"","suggestion_applicability":"MaybeIncorrect","expansion":null}],"children":[],"rendered":null}],"rendered":"\u001b[1m\u001b[91merror[E0252]\u001b[0m\u001b[1m: the name `cd` is defined multiple times\u001b[0m\n  \u001b[1m\u001b[94m--> \u001b[0mexecuter/src/executer.rs:11:5\n   \u001b[1m\u001b[94m|\u001b[0m\n \u001b[1m\u001b[94m3\u001b[0m \u001b[1m\u001b[94m|\u001b[0m     cd::cd,\n   \u001b[1m\u001b[94m|\u001b[0m     \u001b[1m\u001b[94m------\u001b[0m \u001b[1m\u001b[94mprevious import of the value `cd` here\u001b[0m\n\u001b[1m\u001b[94m...\u001b[0m\n\u001b[1m\u001b[94m11\u001b[0m \u001b[1m\u001b[94m|\u001b[0m     cd::cd,\n   \u001b[1m\u001b[94m|\u001b[0m     \u001b[1m\u001b[91m^^^^^^\u001b[0m\u001b[1m\u001b[94m-\u001b[0m\n   \u001b[1m\u001b[94m|\u001b[0m     \u001b[1m\u001b[94m|\u001b[0m\n   \u001b[1m\u001b[94m|\u001b[0m     \u001b[1m\u001b[91m`cd` reimported here\u001b[0m\n   \u001b[1m\u001b[94m|\u001b[0m     \u001b[1m\u001b[94mhelp: remove unnecessary import\u001b[0m\n   \u001b[1m\u001b[94m|\u001b[0m\n   \u001b[1m\u001b[94m= \u001b[0m\u001b[1mnote\u001b[0m: `cd` must be defined only once in the value namespace of this module\n\n"}
{"$message_type":"diagnostic","message":"cannot find function `exit` in this scope","code":{"code":"E0425","explanation":"An unresolved name was used.\n\nErroneous code examples:\n\n```compile_fail,E0425\nsomething_that_doesnt_exist::foo;\n// error: unresolved name `something_that_doesnt_exist::foo`\n\n// or:\n\ntrait Foo {\n    fn bar() {\n        Self; // error: unresolved name `Self`\n    }\n}\n\n// or:\n\nlet x = unknown_variable;  // error: unresolved name `unknown_variable`\n```\n\nPlease verify that the name wasn't misspelled and ensure that the\nidentifier being referred to is valid for the given situation. Example:\n\n```\nenum something_that_does_exist {\n    Foo,\n}\n```\n\nOr:\n\n```\nmod something_that_does_exist {\n    pub static foo : i32 = 0i32;\n}\n\nsomething_that_does_exist::foo; // ok!\n```\n\nOr:\n\n```\nlet unknown_variable = 12u32;\nlet x = unknown_variable; // ok!\n```\n\nIf the item is not defined in the current module, it must be imported using a\n`use` statement, like so:\n\n```\n# mod foo { pub fn bar() {} }\n# fn main() {\nuse foo::bar;\nbar();\n# }\n```\n\nIf the item you are importing is not defined in some super-module of the\ncurrent module, then it must also be declared as public (e.g., `pub fn`).\n"},"level":"error","spans":[{"file_name":"executer/src/executer.rs","byte_start":709,"byte_end":713,"line_start":27,"line_end":27,"column_start":34,"column_end":38,"is_primary":true,"text":[{"text":"            CommandType::Exit => exit(command),","highlight_start":34,"highlight_end":38}],"label":"not found in this scope","suggested_replacement":null,"suggestion_applicability":null,"expansion":null}],"children":[{"message":"consider importing one of these functions","code":null,"level":"help","spans":[{"file_name":"executer/src/executer.rs","byte_start":0,"byte_end":0,"line_start":1,"line_end":1,"column_start":1,"column_end":1,"is_primary":true,"text":[{"text":"use types::command::*;","highlight_start":1,"highlight_end":1}],"label":null,"suggested_replacement":"use std::process::exit;\n","suggestion_applicability":"MaybeIncorrect","expansion":null},{"file_name":"executer/src/executer.rs","byte_start":0,"byte_end":0,"line_start":1,"line_end":1,"column_start":1,"column_end":1,"is_primary":true,"text":[{"text":"use types::command::*;","highlight_start":1,"highlight_end":1}],"label":null,"suggested_replacement":"use executers::exit::exit;\n","suggestion_applicability":"MaybeIncorrect","expansion":null}],"children":[],"rendered":null}],"rendered":"\u001b[1m\u001b[91merror[E0425]\u001b[0m\u001b[1m: cannot find function `exit` in this scope\u001b[0m\n  \u001b[1m\u001b[94m--> \u001b[0mexecuter/src/executer.rs:27:34\n   \u001b[1m\u001b[94m|\u001b[0m\n\u001b[1m\u001b[94m27\u001b[0m \u001b[1m\u001b[94m|\u001b[0m             CommandType::Exit => exit(command),\n   \u001b[1m\u001b[94m|\u001b[0m                                  \u001b[1m\u001b[91m^^^^\u001b[0m \u001b[1m\u001b[91mnot found in this scope\u001b[0m\n   \u001b[1m\u001b[94m|\u001b[0m\n\u001b[1m\u001b[96mhelp\u001b[0m: consider importing one of these functions\n   \u001b[1m\u001b[94m|\u001b[0m\n \u001b[1m\u001b[94m1\u001b[0m \u001b[92m+ use std::process::exit;\u001b[0m\n   \u001b[1m\u001b[94m|\u001b[0m\n \u001b[1m\u001b[94m1\u001b[0m \u001b[92m+ use executers::exit::exit;\u001b[0m\n   \u001b[1m\u001b[94m|\u001b[0m\n\n"}
{"$message_type":"diagnostic","message":"unused import: `cd::cd`","code":{"code":"unused_imports","explanation":null},"level":"warning","spans":[{"file_name":"executer/src/executer.rs","byte_start":150,"byte_end":156,"line_start":11,"line_end":11,"column_start":5,"column_end":11,"is_primary":true,"text":[{"text":"    cd::cd,","highlight_start":5,"highlight_end":11}],"label":null,"suggested_replacement":null,"suggestion_applicability":null,"expansion":null}],"children":[{"message":"`#[warn(unused_imports)]` (part of `#[warn(unused)]`) on by default","code":null,"level":"note","spans":[],"children":[],"rendered":null},{"message":"remove the unused import","code":null,"level":"help","spans":[{"file_name":"executer/src/executer.rs","byte_start":144,"byte_end":156,"line_start":10,"line_end":11,"column_start":17,"column_end":11,"is_primary":true,"text":[{"text":"    mkdir::mkdir,","highlight_start":17,"highlight_end":18},{"text":"    cd::cd,","highlight_start":1,"highlight_end":11}],"label":null,"suggested_replacement":"","suggestion_applicability":"MachineApplicable","expansion":null}],"children":[],"rendered":null}],"rendered":"\u001b[1m\u001b[33mwarning\u001b[0m\u001b[1m: unused import: `cd::cd`\u001b[0m\n  \u001b[1m\u001b[94m--> \u001b[0mexecuter/src/executer.rs:11:5\n   \u001b[1m\u001b[94m|\u001b[0m\n\u001b[1m\u001b[94m11\u001b[0m \u001b[1m\u001b[94m|\u001b[0m     cd::cd,\n   \u001b[1m\u001b[94m|\u001b[0m     \u001b[1m\u001b[33m^^^^^^\u001b[0m\n   \u001b[1m\u001b[94m|\u001b[0m\n   \u001b[1m\u001b[94m= \u001b[0m\u001b[1mnote\u001b[0m: `#[warn(unused_imports)]` (part of `#[warn(unused)]`) on by default\n\n"}
{"$message_type":"diagnostic","message":"mismatched types","code":{"code":"E0308","explanation":"Expected type did not match the received type.\n\nErroneous code examples:\n\n```compile_fail,E0308\nfn plus_one(x: i32) -> i32 {\n    x + 1\n}\n\nplus_one(\"Not a number\");\n//       ^^^^^^^^^^^^^^ expected `i32`, found `&str`\n\nif \"Not a bool\" {\n// ^^^^^^^^^^^^ expected `bool`, found `&str`\n}\n\nlet x: f32 = \"Not a float\";\n//     ---   ^^^^^^^^^^^^^ expected `f32`, found `&str`\n//     |\n//     expected due to this\n```\n\nThis error occurs when an expression was used in a place where the compiler\nexpected an expression of a different type. It can occur in several cases, the\nmost common being when calling a function and passing an argument which has a\ndifferent type than the matching type in the function declaration.\n"},"level":"error","spans":[{"file_name":"executer/src/executer.rs","byte_start":284,"byte_end":299,"line_start":19,"line_end":19,"column_start":13,"column_end":28,"is_primary":true,"text":[{"text":"            CommandType::Cd => cd(command),","highlight_start":13,"highlight_end":28}],"label":"expected `Command`, found `CommandType`","suggested_replacement":null,"suggestion_applicability":null,"expansion":null},{"file_name":"executer/src/executer.rs","byte_start":261,"byte_end":269,"line_start":18,"line_end":18,"column_start":15,"column_end":23,"is_primary":false,"text":[{"text":"        match &command {","highlight_start":15,"highlight_end":23}],"label":"this expression has type `&&types::command::Command`","suggested_replacement":null,"suggestion_applicability":null,"expansion":null}],"children":[],"rendered":"\u001b[1m\u001b[91merror[E0308]\u001b[0m\u001b[1m: mismatched types\u001b[0m\n  \u001b[1m\u001b[94m--> \u001b[0mexecuter/src/executer.rs:19:13\n   \u001b[1m\u001b[94m|\u001b[0m\n\u001b[1m\u001b[94m18\u001b[0m \u001b[1m\u001b[94m|\u001b[0m         match &command {\n   \u001b[1m\u001b[94m|\u001b[0m               \u001b[1m\u001b[94m--------\u001b[0m \u001b[1m\u001b[94mthis expression has type `&&types::command::Command`\u001b[0m\n\u001b[1m\u001b[94m19\u001b[0m \u001b[1m\u001b[94m|\u001b[0m             CommandType::Cd => cd(command),\n   \u001b[1m\u001b[94m|\u001b[0m             \u001b[1m\u001b[91m^^^^^^^^^^^^^^^\u001b[0m \u001b[1m\u001b[91mexpected `Command`, found `CommandType`\u001b[0m\n\n"}
{"$message_type":"diagnostic","message":"mismatched types","code":{"code":"E0308","explanation":"Expected type did not match the received type.\n\nErroneous code examples:\n\n```compile_fail,E0308\nfn plus_one(x: i32) -> i32 {\n    x + 1\n}\n\nplus_one(\"Not a number\");\n//       ^^^^^^^^^^^^^^ expected `i32`, found `&str`\n\nif \"Not a bool\" {\n// ^^^^^^^^^^^^ expected `bool`, found `&str`\n}\n\nlet x: f32 = \"Not a float\";\n//     ---   ^^^^^^^^^^^^^ expected `f32`, found `&str`\n//     |\n//     expected due to this\n```\n\nThis error occurs when an expression was used in a place where the compiler\nexpected an expression of a different type. It can occur in several cases, the\nmost common being when calling a function and passing an argument which has a\ndifferent type than the matching type in the function declaration.\n"},"level":"error","spans":[{"file_name":"executer/src/executer.rs","byte_start":328,"byte_end":343,"line_start":20,"line_end":20,"column_start":13,"column_end":28,"is_primary":true,"text":[{"text":"            CommandType::Ls => ls(command), //(supporting -l, -a, -F)","highlight_start":13,"highlight_end":28}],"label":"expected `Command`, found `CommandType`","suggested_replacement":null,"suggestion_applicability":null,"expansion":null},{"file_name":"executer/src/executer.rs","byte_start":261,"byte_end":269,"line_start":18,"line_end":18,"column_start":15,"column_end":23,"is_primary":false,"text":[{"text":"        match &command {","highlight_start":15,"highlight_end":23}],"label":"this expression has type `&&types::command::Command`","suggested_replacement":null,"suggestion_applicability":null,"expansion":null}],"children":[],"rendered":"\u001b[1m\u001b[91merror[E0308]\u001b[0m\u001b[1m: mismatched types\u001b[0m\n  \u001b[1m\u001b[94m--> \u001b[0mexecuter/src/executer.rs:20:13\n   \u001b[1m\u001b[94m|\u001b[0m\n\u001b[1m\u001b[94m18\u001b[0m \u001b[1m\u001b[94m|\u001b[0m         match &command {\n   \u001b[1m\u001b[94m|\u001b[0m               \u001b[1m\u001b[94m--------\u001b[0m \u001b[1m\u001b[94mthis expression has type `&&types::command::Command`\u001b[0m\n\u001b[1m\u001b[94m19\u001b[0m \u001b[1m\u001b[94m|\u001b[0m             CommandType::Cd => cd(command),\n\u001b[1m\u001b[94m20\u001b[0m \u001b[1m\u001b[94m|\u001b[0m             CommandType::Ls => ls(command), //(supporting -l, -a, -F)\n   \u001b[1m\u001b[94m|\u001b[0m             \u001b[1m\u001b[91m^^^^^^^^^^^^^^^\u001b[0m \u001b[1m\u001b[91mexpected `Command`, found `CommandType`\u001b[0m\n\n"}
{"$message_type":"diagnostic","message":"mismatched types","code":{"code":"E0308","explanation":"Expected type did not match the received type.\n\nErroneous code examples:\n\n```compile_fail,E0308\nfn plus_one(x: i32) -> i32 {\n    x + 1\n}\n\nplus_one(\"Not a number\");\n//       ^^^^^^^^^^^^^^ expected `i32`, found `&str`\n\nif \"Not a bool\" {\n// ^^^^^^^^^^^^ expected `bool`, found `&str`\n}\n\nlet x: f32 = \"Not a float\";\n//     ---   ^^^^^^^^^^^^^ expected `f32`, found `&str`\n//     |\n//     expected due to this\n```\n\nThis error occurs when an expression was used in a place where the compiler\nexpected an expression of a different type. It can occur in several cases, the\nmost common being when calling a function and passing an argument which has a\ndifferent type than the matching type in the function declaration.\n"},"level":"error","spans":[{"file_name":"executer/src/executer.rs","byte_start":398,"byte_end":414,"line_start":21,"line_end":21,"column_start":13,"column_end":29,"is_primary":true,"text":[{"text":"            CommandType::Pwd =>pwd(command),","highlight_start":13,"highlight_end":29}],"label":"expected `Command`, found `CommandType`","suggested_replacement":null,"suggestion_applicability":null,"expansion":null},{"file_name":"executer/src/executer.rs","byte_start":261,"byte_end":269,"line_start":18,"line_end":18,"column_start":15,"column_end":23,"is_primary":false,"text":[{"text":"        match &command {","highlight_start":15,"highlight_end":23}],"label":"this expression has type `&&types::command::Command`","suggested_replacement":null,"suggestion_applicability":null,"expansion":null}],"children":[],"rendered":"\u001b[1m\u001b[91merror[E0308]\u001b[0m\u001b[1m: mismatched types\u001b[0m\n  \u001b[1m\u001b[94m--> \u001b[0mexecuter/src/executer.rs:21:13\n   \u001b[1m\u001b[94m|\u001b[0m\n\u001b[1m\u001b[94m18\u001b[0m \u001b[1m\u001b[94m|\u001b[0m         match &command {\n   \u001b[1m\u001b[94m|\u001b[0m               \u001b[1m\u001b[94m--------\u001b[0m \u001b[1m\u001b[94mthis expression has type `&&types::command::Command`\u001b[0m\n\u001b[1m\u001b[94m...\u001b[0m\n\u001b[1m\u001b[94m21\u001b[0m \u001b[1m\u001b[94m|\u001b[0m             CommandType::Pwd =>pwd(command),\n   \u001b[1m\u001b[94m|\u001b[0m             \u001b[1m\u001b[91m^^^^^^^^^^^^^^^^\u001b[0m \u001b[1m\u001b[91mexpected `Command`, found `CommandType`\u001b[0m\n\n"}
{"$message_type":"diagnostic","message":"mismatched types","code":{"code":"E0308","explanation":"Expected type did not match the received type.\n\nErroneous code examples:\n\n```compile_fail,E0308\nfn plus_one(x: i32) -> i32 {\n    x + 1\n}\n\nplus_one(\"Not a number\");\n//       ^^^^^^^^^^^^^^ expected `i32`, found `&str`\n\nif \"Not a bool\" {\n// ^^^^^^^^^^^^ expected `bool`, found `&str`\n}\n\nlet x: f32 = \"Not a float\";\n//     ---   ^^^^^^^^^^^^^ expected `f32`, found `&str`\n//     |\n//     expected due to this\n```\n\nThis error occurs when an expression was used in a place where the compiler\nexpected an expression of a different type. It can occur in several cases, the\nmost common being when calling a function and passing an argument which has a\ndifferent type than the matching type in the function declaration.\n"},"level":"error","spans":[{"file_name":"executer/src/executer.rs","byte_start":443,"byte_end":459,"line_start":22,"line_end":22,"column_start":13,"column_end":29,"is_primary":true,"text":[{"text":"            CommandType::Cat => cat(command),","highlight_start":13,"highlight_end":29}],"label":"expected `Command`, found `CommandType`","suggested_replacement":null,"suggestion_applicability":null,"expansion":null},{"file_name":"executer/src/executer.rs","byte_start":261,"byte_end":269,"line_start":18,"line_end":18,"column_start":15,"column_end":23,"is_primary":false,"text":[{"text":"        match &command {","highlight_start":15,"highlight_end":23}],"label":"this expression has type `&&types::command::Command`","suggested_replacement":null,"suggestion_applicability":null,"expansion":null}],"children":[],"rendered":"\u001b[1m\u001b[91merror[E0308]\u001b[0m\u001b[1m: mismatched types\u001b[0m\n  \u001b[1m\u001b[94m--> \u001b[0mexecuter/src/executer.rs:22:13\n   \u001b[1m\u001b[94m|\u001b[0m\n\u001b[1m\u001b[94m18\u001b[0m \u001b[1m\u001b[94m|\u001b[0m         match &command {\n   \u001b[1m\u001b[94m|\u001b[0m               \u001b[1m\u001b[94m--------\u001b[0m \u001b[1m\u001b[94mthis expression has type `&&types::command::Command`\u001b[0m\n\u001b[1m\u001b[94m...\u001b[0m\n\u001b[1m\u001b[94m22\u001b[0m \u001b[1m\u001b[94m|\u001b[0m             CommandType::Cat => cat(command),\n   \u001b[1m\u001b[94m|\u001b[0m             \u001b[1m\u001b[91m^^^^^^^^^^^^^^^^\u001b[0m \u001b[1m\u001b[91mexpected `Command`, found `CommandType`\u001b[0m\n\n"}
{"$message_type":"diagnostic","message":"mismatched types","code":{"code":"E0308","explanation":"Expected type did not match the received type.\n\nErroneous code examples:\n\n```compile_fail,E0308\nfn plus_one(x: i32) -> i32 {\n    x + 1\n}\n\nplus_one(\"Not a number\");\n//       ^^^^^^^^^^^^^^ expected `i32`, found `&str`\n\nif \"Not a bool\" {\n// ^^^^^^^^^^^^ expected `bool`, found `&str`\n}\n\nlet x: f32 = \"Not a float\";\n//     ---   ^^^^^^^^^^^^^ expected `f32`, found `&str`\n//     |\n//     expected due to this\n```\n\nThis error occurs when an expression was used in a place where the compiler\nexpected an expression of a different type. It can occur in several cases, the\nmost common being when calling a function and passing an argument which has a\ndifferent type than the matching type in the function declaration.\n"},"level":"error","spans":[{"file_name":"executer/src/executer.rs","byte_start":489,"byte_end":504,"line_start":23,"line_end":23,"column_start":13,"column_end":28,"is_primary":true,"text":[{"text":"            CommandType::Cp => cp(command),","highlight_start":13,"highlight_end":28}],"label":"expected `Command`, found `CommandType`","suggested_replacement":null,"suggestion_applicability":null,"expansion":null},{"file_name":"executer/src/executer.rs","byte_start":261,"byte_end":269,"line_start":18,"line_end":18,"column_start":15,"column_end":23,"is_primary":false,"text":[{"text":"        match &command {","highlight_start":15,"highlight_end":23}],"label":"this expression has type `&&types::command::Command`","suggested_replacement":null,"suggestion_applicability":null,"expansion":null}],"children":[],"rendered":"\u001b[1m\u001b[91merror[E0308]\u001b[0m\u001b[1m: mismatched types\u001b[0m\n  \u001b[1m\u001b[94m--> \u001b[0mexecuter/src/executer.rs:23:13\n   \u001b[1m\u001b[94m|\u001b[0m\n\u001b[1m\u001b[94m18\u001b[0m \u001b[1m\u001b[94m|\u001b[0m         match &command {\n   \u001b[1m\u001b[94m|\u001b[0m               \u001b[1m\u001b[94m--------\u001b[0m \u001b[1m\u001b[94mthis expression has type `&&types::command::Command`\u001b[0m\n\u001b[1m\u001b[94m...\u001b[0m\n\u001b[1m\u001b[94m23\u001b[0m \u001b[1m\u001b[94m|\u001b[0m             CommandType::Cp => cp(command),\n   \u001b[1m\u001b[94m|\u001b[0m             \u001b[1m\u001b[91m^^^^^^^^^^^^^^^\u001b[0m \u001b[1m\u001b[91mexpected `Command`, found `CommandType`\u001b[0m\n\n"}
{"$message_type":"diagnostic","message":"mismatched types","code":{"code":"E0308","explanation":"Expected type did not match the received type.\n\nErroneous code examples:\n\n```compile_fail,E0308\nfn plus_one(x: i32) -> i32 {\n    x + 1\n}\n\nplus_one(\"Not a number\");\n//       ^^^^^^^^^^^^^^ expected `i32`, found `&str`\n\nif \"Not a bool\" {\n// ^^^^^^^^^^^^ expected `bool`, found `&str`\n}\n\nlet x: f32 = \"Not a float\";\n//     ---   ^^^^^^^^^^^^^ expected `f32`, found `&str`\n//     |\n//     expected due to this\n```\n\nThis error occurs when an expression was used in a place where the compiler\nexpected an expression of a different type. It can occur in several cases, the\nmost common being when calling a function and passing an argument which has a\ndifferent type than the matching type in the function declaration.\n"},"level":"error","spans":[{"file_name":"executer/src/executer.rs","byte_start":533,"byte_end":548,"line_start":24,"line_end":24,"column_start":13,"column_end":28,"is_primary":true,"text":[{"text":"            CommandType::Rm => rm(command), // (supporting -r)","highlight_start":13,"highlight_end":28}],"label":"expected `Command`, found `CommandType`","suggested_replacement":null,"suggestion_applicability":null,"expansion":null},{"file_name":"executer/src/executer.rs","byte_start":261,"byte_end":269,"line_start":18,"line_end":18,"column_start":15,"column_end":23,"is_primary":false,"text":[{"text":"        match &command {","highlight_start":15,"highlight_end":23}],"label":"this expression has type `&&types::command::Command`","suggested_replacement":null,"suggestion_applicability":null,"expansion":null}],"children":[],"rendered":"\u001b[1m\u001b[91merror[E0308]\u001b[0m\u001b[1m: mismatched types\u001b[0m\n  \u001b[1m\u001b[94m--> \u001b[0mexecuter/src/executer.rs:24:13\n   \u001b[1m\u001b[94m|\u001b[0m\n\u001b[1m\u001b[94m18\u001b[0m \u001b[1m\u001b[94m|\u001b[0m         match &command {\n   \u001b[1m\u001b[94m|\u001b[0m               \u001b[1m\u001b[94m--------\u001b[0m \u001b[1m\u001b[94mthis expression has type `&&types::command::Command`\u001b[0m\n\u001b[1m\u001b[94m...\u001b[0m\n\u001b[1m\u001b[94m24\u001b[0m \u001b[1m\u001b[94m|\u001b[0m             CommandType::Rm => rm(command), // (supporting -r)\n   \u001b[1m\u001b[94m|\u001b[0m             \u001b[1m\u001b[91m^^^^^^^^^^^^^^^\u001b[0m \u001b[1m\u001b[91mexpected `Command`, found `CommandType`\u001b[0m\n\n"}
{"$message_type":"diagnostic","message":"mismatched types","code":{"code":"E0308","explanation":"Expected type did not match the received type.\n\nErroneous code examples:\n\n```compile_fail,E0308\nfn plus_one(x: i32) -> i32 {\n    x + 1\n}\n\nplus_one(\"Not a number\");\n//       ^^^^^^^^^^^^^^ expected `i32`, found `&str`\n\nif \"Not a bool\" {\n// ^^^^^^^^^^^^ expected `bool`, found `&str`\n}\n\nlet x: f32 = \"Not a float\";\n//     ---   ^^^^^^^^^^^^^ expected `f32`, found `&str`\n//     |\n//     expected due to this\n```\n\nThis error occurs when an expression was used in a place where the compiler\nexpected an expression of a different type. It can occur in several cases, the\nmost common being when calling a function and passing an argument which has a\ndifferent type than the matching type in the function declaration.\n"},"level":"error","spans":[{"file_name":"executer/src/executer.rs","byte_start":596,"byte_end":611,"line_start":25,"line_end":25,"column_start":13,"column_end":28,"is_primary":true,"text":[{"text":"            CommandType::Mv =>mv(command),","highlight_start":13,"highlight_end":28}],"label":"expected `Command`, found `CommandType`","suggested_replacement":null,"suggestion_applicability":null,"expansion":null},{"file_name":"executer/src/executer.rs","byte_start":261,"byte_end":269,"line_start":18,"line_end":18,"column_start":15,"column_end":23,"is_primary":false,"text":[{"text":"        match &command {","highlight_start":15,"highlight_end":23}],"label":"this expression has type `&&types::command::Command`","suggested_replacement":null,"suggestion_applicability":null,"expansion":null}],"children":[],"rendered":"\u001b[1m\u001b[91merror[E0308]\u001b[0m\u001b[1m: mismatched types\u001b[0m\n  \u001b[1m\u001b[94m--> \u001b[0mexecuter/src/executer.rs:25:13\n   \u001b[1m\u001b[94m|\u001b[0m\n\u001b[1m\u001b[94m18\u001b[0m \u001b[1m\u001b[94m|\u001b[0m         match &command {\n   \u001b[1m\u001b[94m|\u001b[0m               \u001b[1m\u001b[94m--------\u001b[0m \u001b[1m\u001b[94mthis expression has type `&&types::command::Command`\u001b[0m\n\u001b[1m\u001b[94m...\u001b[0m\n\u001b[1m\u001b[94m25\u001b[0m \u001b[1m\u001b[94m|\u001b[0m             CommandType::Mv =>mv(command),\n   \u001b[1m\u001b[94m|\u001b[0m             \u001b[1m\u001b[91m^^^^^^^^^^^^^^^\u001b[0m \u001b[1m\u001b[91mexpected `Command`, found `CommandType`\u001b[0m\n\n"}
{"$message_type":"diagnostic","message":"mismatched types","code":{"code":"E0308","explanation":"Expected type did not match the received type.\n\nErroneous code examples:\n\n```compile_fail,E0308\nfn plus_one(x: i32) -> i32 {\n    x + 1\n}\n\nplus_one(\"Not a number\");\n//       ^^^^^^^^^^^^^^ expected `i32`, found `&str`\n\nif \"Not a bool\" {\n// ^^^^^^^^^^^^ expected `bool`, found `&str`\n}\n\nlet x: f32 = \"Not a float\";\n//     ---   ^^^^^^^^^^^^^ expected `f32`, found `&str`\n//     |\n//     expected due to this\n```\n\nThis error occurs when an expression was used in a place where the compiler\nexpected an expression of a different type. It can occur in several cases, the\nmost common being when calling a function and passing an argument which has a\ndifferent type than the matching type in the function declaration.\n"},"level":"error","spans":[{"file_name":"executer/src/executer.rs","byte_start":639,"byte_end":657,"line_start":26,"line_end":26,"column_start":13,"column_end":31,"is_primary":true,"text":[{"text":"            CommandType::Mkdir =>mkdir(command),","highlight_start":13,"highlight_end":31}],"label":"expected `Command`, found `CommandType`","suggested_replacement":null,"suggestion_applicability":null,"expansion":null},{"file_name":"executer/src/executer.rs","byte_start":261,"byte_end":269,"line_start":18,"line_end":18,"column_start":15,"column_end":23,"is_primary":false,"text":[{"text":"        match &command {","highlight_start":15,"highlight_end":23}],"label":"this expression has type `&&types::command::Command`","suggested_replacement":null,"suggestion_applicability":null,"expansion":null}],"children":[],"rendered":"\u001b[1m\u001b[91merror[E0308]\u001b[0m\u001b[1m: mismatched types\u001b[0m\n  \u001b[1m\u001b[94m--> \u001b[0mexecuter/src/executer.rs:26:13\n   \u001b[1m\u001b[94m|\u001b[0m\n\u001b[1m\u001b[94m18\u001b[0m \u001b[1m\u001b[94m|\u001b[0m         match &command {\n   \u001b[1m\u001b[94m|\u001b[0m               \u001b[1m\u001b[94m--------\u001b[0m \u001b[1m\u001b[94mthis expression has type `&&types::command::Command`\u001b[0m\n\u001b[1m\u001b[94m...\u001b[0m\n\u001b[1m\u001b[94m26\u001b[0m \u001b[1m\u001b[94m|\u001b[0m             CommandType::Mkdir =>mkdir(command),\n   \u001b[1m\u001b[94m|\u001b[0m             \u001b[1m\u001b[91m^^^^^^^^^^^^^^^^^^\u001b[0m \u001b[1m\u001b[91mexpected `Command`, found `CommandType`\u001b[0m\n\n"}
{"$message_type":"diagnostic","message":"mismatched types","code":{"code":"E0308","explanation":"Expected type did not match the received type.\n\nErroneous code examples:\n\n```compile_fail,E0308\nfn plus_one(x: i32) -> i32 {\n    x + 1\n}\n\nplus_one(\"Not a number\");\n//       ^^^^^^^^^^^^^^ expected `i32`, found `&str`\n\nif \"Not a bool\" {\n// ^^^^^^^^^^^^ expected `bool`, found `&str`\n}\n\nlet x: f32 = \"Not a float\";\n//     ---   ^^^^^^^^^^^^^ expected `f32`, found `&str`\n//     |\n//     expected due to this\n```\n\nThis error occurs when an expression was used in a place where the compiler\nexpected an expression of a different type. It can occur in several cases, the\nmost common being when calling a function and passing an argument which has a\ndifferent type than the matching type in the function declaration.\n"},"level":"error","spans":[{"file_name":"executer/src/executer.rs","byte_start":688,"byte_end":705,"line_start":27,"line_end":27,"column_start":13,"column_end":30,"is_primary":true,"text":[{"text":"            CommandType::Exit => exit(command),","highlight_start":13,"highlight_end":30}],"label":"expected `Command`, found `CommandType`","suggested_replacement":null,"suggestion_applicability":null,"expansion":null},{"file_name":"executer/src/executer.rs","byte_start":261,"byte_end":269,"line_start":18,"line_end":18,"column_start":15,"column_end":23,"is_primary":false,"text":[{"text":"        match &command {","highlight_start":15,"highlight_end":23}],"label":"this expression has type `&&types::command::Command`","suggested_replacement":null,"suggestion_applicability":null,"expansion":null}],"children":[],"rendered":"\u001b[1m\u001b[91merror[E0308]\u001b[0m\u001b[1m: mismatched types\u001b[0m\n  \u001b[1m\u001b[94m--> \u001b[0mexecuter/src/executer.rs:27:13\n   \u001b[1m\u001b[94m|\u001b[0m\n\u001b[1m\u001b[94m18\u001b[0m \u001b[1m\u001b[94m|\u001b[0m         match &command {\n   \u001b[1m\u001b[94m|\u001b[0m               \u001b[1m\u001b[94m--------\u001b[0m \u001b[1m\u001b[94mthis expression has type `&&types::command::Command`\u001b[0m\n\u001b[1m\u001b[94m...\u001b[0m\n\u001b[1m\u001b[94m27\u001b[0m \u001b[1m\u001b[94m|\u001b[0m             CommandType::Exit => exit(command),\n   \u001b[1m\u001b[94m|\u001b[0m             \u001b[1m\u001b[91m^^^^^^^^^^^^^^^^^\u001b[0m \u001b[1m\u001b[91mexpected `Command`, found `CommandType`\u001b[0m\n\n"}
{"$message_type":"diagnostic","message":"aborting due to 11 previous errors; 1 warning emitted","code":null,"level":"error","spans":[],"children":[],"rendered":"\u001b[1m\u001b[91merror\u001b[0m\u001b[1m: aborting due to 11 previous errors; 1 warning emitted\u001b[0m\n\n"}
{"$message_type":"diagnostic","message":"Some errors have detailed explanations: E0252, E0308, E0425.","code":null,"level":"failure-note","spans":[],"children":[],"rendered":"\u001b[1mSome errors have detailed explanations: E0252, E0308, E0425.\u001b[0m\n"}
{"$message_type":"diagnostic","message":"For more information about an error, try `rustc --explain E0252`.","code":null,"level":"failure-note","spans":[],"children":[],"rendered":"\u001b[1mFor more information about an error, try `rustc --explain E0252`.\u001b[0m\n"}
